-------------------------------------------------------------------------------
Test set: com.logmind.LogControllerTest
-------------------------------------------------------------------------------
Tests run: 8, Failures: 2, Errors: 0, Skipped: 0, Time elapsed: 15.67 s <<< FAILURE! -- in com.logmind.LogControllerTest
com.logmind.LogControllerTest.ingestSingle_missingFields_returns400 -- Time elapsed: 0.021 s <<< FAILURE!
java.lang.AssertionError: No value at JSON path "$.errors"
	at org.springframework.test.util.JsonPathExpectationsHelper.evaluateJsonPath(JsonPathExpectationsHelper.java:302)
	at org.springframework.test.util.JsonPathExpectationsHelper.assertExistsAndReturn(JsonPathExpectationsHelper.java:326)
	at org.springframework.test.util.JsonPathExpectationsHelper.assertValueIsMap(JsonPathExpectationsHelper.java:176)
	at org.springframework.test.web.servlet.result.JsonPathResultMatchers.lambda$isMap$13(JsonPathResultMatchers.java:235)
	at org.springframework.test.web.servlet.MockMvc$1.andExpect(MockMvc.java:214)
	at com.logmind.LogControllerTest.ingestSingle_missingFields_returns400(LogControllerTest.java:62)
	at java.base/java.lang.reflect.Method.invoke(Method.java:580)
	at java.base/java.util.ArrayList.forEach(ArrayList.java:1597)
	at java.base/java.util.ArrayList.forEach(ArrayList.java:1597)
Caused by: com.jayway.jsonpath.PathNotFoundException: No results for path: $['errors']

com.logmind.LogControllerTest.ingestSingle_invalidServiceName_returns400 -- Time elapsed: 0.009 s <<< FAILURE!
java.lang.AssertionError: No value at JSON path "$.errors.service"
	at org.springframework.test.util.JsonPathExpectationsHelper.evaluateJsonPath(JsonPathExpectationsHelper.java:302)
	at org.springframework.test.util.JsonPathExpectationsHelper.assertValueIsNotEmpty(JsonPathExpectationsHelper.java:238)
	at org.springframework.test.web.servlet.result.JsonPathResultMatchers.lambda$isNotEmpty$6(JsonPathResultMatchers.java:162)
	at org.springframework.test.web.servlet.MockMvc$1.andExpect(MockMvc.java:214)
	at com.logmind.LogControllerTest.ingestSingle_invalidServiceName_returns400(LogControllerTest.java:79)
	at java.base/java.lang.reflect.Method.invoke(Method.java:580)
	at java.base/java.util.ArrayList.forEach(ArrayList.java:1597)
	at java.base/java.util.ArrayList.forEach(ArrayList.java:1597)
Caused by: com.jayway.jsonpath.PathNotFoundException: Missing property in path $['errors']

