-------------------------------------------------------------------------------
Test set: test.java.com.logmind.WindowStateTest
-------------------------------------------------------------------------------
Tests run: 8, Failures: 2, Errors: 0, Skipped: 0, Time elapsed: 0.244 s <<< FAILURE! -- in test.java.com.logmind.WindowStateTest
test.java.com.logmind.WindowStateTest.detectsSpike -- Time elapsed: 0.034 s <<< FAILURE!
java.lang.AssertionError: 

Expecting actual:
  2.23606797749979
to be greater than:
  2.5

	at test.java.com.logmind.WindowStateTest.detectsSpike(WindowStateTest.java:98)
	at java.base/java.lang.reflect.Method.invoke(Method.java:580)
	at java.base/java.util.ArrayList.forEach(ArrayList.java:1597)
	at java.base/java.util.ArrayList.forEach(ArrayList.java:1597)

test.java.com.logmind.WindowStateTest.fatalLogs_areCountedAsErrors -- Time elapsed: 0.003 s <<< FAILURE!
java.lang.AssertionError: 

Expecting actual:
  2.0
to be greater than:
  2.5

	at test.java.com.logmind.WindowStateTest.fatalLogs_areCountedAsErrors(WindowStateTest.java:159)
	at java.base/java.lang.reflect.Method.invoke(Method.java:580)
	at java.base/java.util.ArrayList.forEach(ArrayList.java:1597)
	at java.base/java.util.ArrayList.forEach(ArrayList.java:1597)

